<?xml version="1.0" encoding="UTF-8"?>
<testsuite name="com.endava.blackjack.CardTest" tests="4" skipped="0" failures="0" errors="0" timestamp="2023-03-06T13:04:26" hostname="EN1310916" time="0.027">
  <properties/>
  <testcase name="canGetValueOfAThreeCard()" classname="com.endava.blackjack.CardTest" time="0.021"/>
  <testcase name="canGetValueOfATwoCard()" classname="com.endava.blackjack.CardTest" time="0.0"/>
  <testcase name="canGetValueOfAJackCard()" classname="com.endava.blackjack.CardTest" time="0.001"/>
  <testcase name="canGetValueOfAKingCard()" classname="com.endava.blackjack.CardTest" time="0.001"/>
  <system-out><![CDATA[]]></system-out>
  <system-err><![CDATA[]]></system-err>
</testsuite>
